Log file open, 01/17/19 23:24:56
LogWindows: Failed to load 'aqProf.dll' (GetLastError=126)
LogWindows: File 'aqProf.dll' does not exist
LogWindows: Failed to load 'VtuneApi.dll' (GetLastError=126)
LogWindows: File 'VtuneApi.dll' does not exist
LogWindows: Failed to load 'VtuneApi32e.dll' (GetLastError=126)
LogWindows: File 'VtuneApi32e.dll' does not exist
LogConsoleResponse: Display: Failed to find resolution value strings in scalability ini. Falling back to default.
LogInit: Display: Running engine for game: Class_WhiteBox
LogPakFile: Registered encryption key '00000000000000000000000000000000': 0 pak files mounted, 0 remain pending
LogPlatformFile: Not using cached read wrapper
LogTaskGraph: Started task graph with 5 named threads and 17 total threads with 3 sets of task threads.
LogStats: Stats thread started at 0.307969
LogD3D11RHI: Loaded GFSDK_Aftermath_Lib.x64.dll
LogICUInternationalization: ICU TimeZone Detection - Raw Offset: -7:00, Platform Override: ''
LogPluginManager: Mounting plugin Paper2D
LogPluginManager: Mounting plugin AISupport
LogPluginManager: Mounting plugin LightPropagationVolume
LogPluginManager: Mounting plugin ActorLayerUtilities
LogPluginManager: Mounting plugin CLionSourceCodeAccess
LogPluginManager: Mounting plugin CodeLiteSourceCodeAccess
LogPluginManager: Mounting plugin GitSourceControl
LogPluginManager: Mounting plugin KDevelopSourceCodeAccess
LogPluginManager: Mounting plugin NullSourceCodeAccess
LogPluginManager: Mounting plugin PerforceSourceControl
LogPluginManager: Mounting plugin SubversionSourceControl
LogPluginManager: Mounting plugin UObjectPlugin
LogPluginManager: Mounting plugin VisualStudioCodeSourceCodeAccess
LogPluginManager: Mounting plugin VisualStudioSourceCodeAccess
LogPluginManager: Mounting plugin XCodeSourceCodeAccess
LogPluginManager: Mounting plugin AssetManagerEditor
LogPluginManager: Mounting plugin CryptoKeys
LogPluginManager: Mounting plugin DataValidation
LogPluginManager: Mounting plugin FacialAnimation
LogPluginManager: Mounting plugin GameplayTagsEditor
LogPluginManager: Mounting plugin MacGraphicsSwitching
LogPluginManager: Mounting plugin MeshEditor
LogPluginManager: Mounting plugin MobileLauncherProfileWizard
LogPluginManager: Mounting plugin PluginBrowser
LogPluginManager: Mounting plugin SpeedTreeImporter
LogPluginManager: Mounting plugin DatasmithContent
LogPluginManager: Mounting plugin VariantManagerContent
LogPluginManager: Mounting plugin AlembicImporter
LogPluginManager: Mounting plugin AppleImageUtils
LogPluginManager: Mounting plugin AppleVision
LogPluginManager: Mounting plugin BackChannel
LogPluginManager: Mounting plugin CharacterAI
LogPluginManager: Mounting plugin GeometryCache
LogPluginManager: Mounting plugin HTML5Networking
LogPluginManager: Mounting plugin ProxyLODPlugin
LogPluginManager: Mounting plugin MagicLeap
LogPluginManager: Mounting plugin MagicLeapMedia
LogPluginManager: Mounting plugin AndroidMedia
LogPluginManager: Mounting plugin AvfMedia
LogPluginManager: Mounting plugin ImgMedia
LogPluginManager: Mounting plugin LinearTimecode
LogPluginManager: Mounting plugin MediaCompositing
LogPluginManager: Mounting plugin MediaPlayerEditor
LogPluginManager: Mounting plugin WebMMedia
LogPluginManager: Mounting plugin WmfMedia
LogPluginManager: Mounting plugin TcpMessaging
LogPluginManager: Mounting plugin UdpMessaging
LogPluginManager: Mounting plugin ActorSequence
LogPluginManager: Mounting plugin LevelSequenceEditor
LogPluginManager: Mounting plugin MatineeToLevelSequence
LogPluginManager: Mounting plugin NetcodeUnitTest
LogPluginManager: Mounting plugin NUTUnrealEngine4
LogPluginManager: Mounting plugin OnlineSubsystemGooglePlay
LogPluginManager: Mounting plugin OnlineSubsystemIOS
LogPluginManager: Mounting plugin OnlineSubsystem
LogPluginManager: Mounting plugin OnlineSubsystemNull
LogPluginManager: Mounting plugin OnlineSubsystemUtils
LogPluginManager: Mounting plugin LauncherChunkInstaller
LogPluginManager: Mounting plugin AndroidDeviceProfileSelector
LogPluginManager: Mounting plugin AndroidMoviePlayer
LogPluginManager: Mounting plugin AndroidPermission
LogPluginManager: Mounting plugin AppleMoviePlayer
LogPluginManager: Mounting plugin ArchVisCharacter
LogPluginManager: Mounting plugin AudioCapture
LogPluginManager: Mounting plugin CableComponent
LogPluginManager: Mounting plugin CustomMeshComponent
LogPluginManager: Mounting plugin EditableMesh
LogPluginManager: Mounting plugin ExampleDeviceProfileSelector
LogPluginManager: Mounting plugin Firebase
LogPluginManager: Mounting plugin GoogleCloudMessaging
LogPluginManager: Mounting plugin IOSDeviceProfileSelector
LogPluginManager: Mounting plugin LinuxDeviceProfileSelector
LogPluginManager: Mounting plugin LocationServicesBPLibrary
LogPluginManager: Mounting plugin MobilePatchingUtils
LogPluginManager: Mounting plugin OculusVR
LogPluginManager: Mounting plugin PhysXVehicles
LogPluginManager: Mounting plugin ProceduralMeshComponent
LogPluginManager: Mounting plugin RuntimePhysXCooking
LogPluginManager: Mounting plugin SteamVR
LogPluginManager: Mounting plugin WebMMoviePlayer
LogPluginManager: Mounting plugin WindowsMoviePlayer
LogStreaming: Display: Took  0.176s to configure plugins.
LogInit: Using libcurl 7.55.1-DEV
LogInit:  - built for x86_64-pc-win32
LogInit:  - supports SSL with OpenSSL/1.0.2h
LogInit:  - supports HTTP deflate (compression) using libz 1.2.8
LogInit:  - other features:
LogInit:      CURL_VERSION_SSL
LogInit:      CURL_VERSION_LIBZ
LogInit:      CURL_VERSION_IPV6
LogInit:      CURL_VERSION_ASYNCHDNS
LogInit:      CURL_VERSION_LARGEFILE
LogInit:      CURL_VERSION_IDN
LogInit:  CurlRequestOptions (configurable via config and command line):
LogInit:  - bVerifyPeer = true  - Libcurl will verify peer certificate
LogInit:  - bUseHttpProxy = false  - Libcurl will NOT use HTTP proxy
LogInit:  - bDontReuseConnections = false  - Libcurl will reuse connections
LogInit:  - MaxHostConnections = 16  - Libcurl will limit the number of connections to a host
LogInit:  - LocalHostAddr = Default
LogInit:  - BufferSize = 65536
LogInit: WinSock: version 1.1 (2.2), MaxSocks=32767, MaxUdp=65467
LogInit: Build: ++UE4+Release-4.21-CL-4613538
LogInit: Engine Version: 4.21.1-4613538+++UE4+Release-4.21
LogInit: Compatible Engine Version: 4.21.0-4541578+++UE4+Release-4.21
LogInit: Net CL: 4541578
LogInit: OS: Windows 8.1 (), CPU: AMD FX(tm)-6350 Six-Core Processor             , GPU: AMD Radeon R9 200 Series
LogInit: Compiled (64-bit): Nov 30 2018 04:13:25
LogInit: Compiled with Visual C++: 19.13.26129.00
LogInit: Build Configuration: Development
LogInit: Branch Name: ++UE4+Release-4.21
LogInit: Command Line:  -EpicPortal -epicusername=UnsettlingMusic -epicuserid=592ba2a373ef4cb184fdfe3966208f60 -epiclocale=en-US
LogInit: Base Directory: C:/Program Files/Epic Games/UE_4.21/Engine/Binaries/Win64/
LogInit: Installed Engine Build: 1
LogDevObjectVersion: Number of dev versions registered: 22
LogDevObjectVersion:   Dev-Blueprints (B0D832E4-1F89-4F0D-ACCF-7EB736FD4AA2): 10
LogDevObjectVersion:   Dev-Build (E1C64328-A22C-4D53-A36C-8E866417BD8C): 0
LogDevObjectVersion:   Dev-Core (375EC13C-06E4-48FB-B500-84F0262A717E): 2
LogDevObjectVersion:   Dev-Editor (E4B068ED-F494-42E9-A231-DA0B2E46BB41): 26
LogDevObjectVersion:   Dev-Framework (CFFC743F-43B0-4480-9391-14DF171D2073): 34
LogDevObjectVersion:   Dev-Mobile (B02B49B5-BB20-44E9-A304-32B752E40360): 2
LogDevObjectVersion:   Dev-Networking (A4E4105C-59A1-49B5-A7C5-40C4547EDFEE): 0
LogDevObjectVersion:   Dev-Online (39C831C9-5AE6-47DC-9A44-9C173E1C8E7C): 0
LogDevObjectVersion:   Dev-Physics (78F01B33-EBEA-4F98-B9B4-84EACCB95AA2): 0
LogDevObjectVersion:   Dev-Platform (6631380F-2D4D-43E0-8009-CF276956A95A): 0
LogDevObjectVersion:   Dev-Rendering (12F88B9F-8875-4AFC-A67C-D90C383ABD29): 27
LogDevObjectVersion:   Dev-Sequencer (7B5AE74C-D270-4C10-A958-57980B212A5A): 9
LogDevObjectVersion:   Dev-VR (D7296918-1DD6-4BDD-9DE2-64A83CC13884): 2
LogDevObjectVersion:   Dev-LoadTimes (C2A15278-BFE7-4AFE-6C17-90FF531DF755): 1
LogDevObjectVersion:   Private-Geometry (6EACA3D4-40EC-4CC1-B786-8BED09428FC5): 3
LogDevObjectVersion:   Dev-AnimPhys (29E575DD-E0A3-4627-9D10-D276232CDCEA): 17
LogDevObjectVersion:   Dev-Anim (AF43A65D-7FD3-4947-9873-3E8ED9C1BB05): 2
LogDevObjectVersion:   Dev-ReflectionCapture (6B266CEC-1EC7-4B8F-A30B-E4D90942FC07): 1
LogDevObjectVersion:   Dev-Automation (0DF73D61-A23F-47EA-B727-89E90C41499A): 1
LogDevObjectVersion:   FortniteMain (601D1886-AC64-4F84-AA16-D3DE0DEAC7D6): 17
LogDevObjectVersion:   Dev-Enterprise (9DFFBCD6-494F-0158-E221-12823C92A888): 4
LogDevObjectVersion:   Dev-Niagara (F2AED0AC-9AFE-416F-8664-AA7FFA26D6FC): 1
LogStreaming: Display: Took  0.000s to delete old logs.
LogInit: Presizing for max 8388607 objects, including 0 objects not considered by GC, pre-allocating 0 bytes for permanent pool.
LogInit: Object subsystem initialized
LogConfig: Setting CVar [[con.DebugEarlyDefault:1]]
LogConfig: Setting CVar [[r.setres:1280x720]]
[2019.01.18-06.24.57:738][  0]LogConfig: Setting CVar [[r.VSync:0]]
[2019.01.18-06.24.57:738][  0]LogConfig: Setting CVar [[r.RHICmdBypass:0]]
[2019.01.18-06.24.57:738][  0]LogConfig: Applying CVar settings from Section [/Script/Engine.RendererSettings] File [C:/Users/owner/OneDrive/Documents/GItHubRepository/AF_AssetPipeline/Class_WhiteBox/Saved/Config/Windows/Engine.ini]
[2019.01.18-06.24.57:738][  0]LogConfig: Setting CVar [[r.GPUCrashDebugging:0]]
[2019.01.18-06.24.57:738][  0]LogConfig: Applying CVar settings from Section [/Script/Engine.RendererOverrideSettings] File [C:/Users/owner/OneDrive/Documents/GItHubRepository/AF_AssetPipeline/Class_WhiteBox/Saved/Config/Windows/Engine.ini]
[2019.01.18-06.24.57:738][  0]LogConfig: Applying CVar settings from Section [/Script/Engine.StreamingSettings] File [C:/Users/owner/OneDrive/Documents/GItHubRepository/AF_AssetPipeline/Class_WhiteBox/Saved/Config/Windows/Engine.ini]
[2019.01.18-06.24.57:738][  0]LogConfig: Setting CVar [[s.MinBulkDataSizeForAsyncLoading:131072]]
[2019.01.18-06.24.57:739][  0]LogConfig: Setting CVar [[s.AsyncLoadingThreadEnabled:0]]
[2019.01.18-06.24.57:739][  0]LogConfig: Setting CVar [[s.EventDrivenLoaderEnabled:1]]
[2019.01.18-06.24.57:739][  0]LogConfig: Setting CVar [[s.WarnIfTimeLimitExceeded:0]]
[2019.01.18-06.24.57:739][  0]LogConfig: Setting CVar [[s.TimeLimitExceededMultiplier:1.5]]
[2019.01.18-06.24.57:739][  0]LogConfig: Setting CVar [[s.TimeLimitExceededMinTime:0.005]]
[2019.01.18-06.24.57:739][  0]LogConfig: Setting CVar [[s.UseBackgroundLevelStreaming:1]]
[2019.01.18-06.24.57:739][  0]LogConfig: Setting CVar [[s.PriorityAsyncLoadingExtraTime:15.0]]
[2019.01.18-06.24.57:739][  0]LogConfig: Setting CVar [[s.LevelStreamingActorsUpdateTimeLimit:5.0]]
[2019.01.18-06.24.57:739][  0]LogConfig: Setting CVar [[s.PriorityLevelStreamingActorsUpdateExtraTime:5.0]]
[2019.01.18-06.24.57:739][  0]LogConfig: Setting CVar [[s.LevelStreamingComponentsRegistrationGranularity:10]]
[2019.01.18-06.24.57:739][  0]LogConfig: Setting CVar [[s.UnregisterComponentsTimeLimit:1.0]]
[2019.01.18-06.24.57:739][  0]LogConfig: Setting CVar [[s.LevelStreamingComponentsUnregistrationGranularity:5]]
[2019.01.18-06.24.57:739][  0]LogConfig: Applying CVar settings from Section [/Script/Engine.GarbageCollectionSettings] File [C:/Users/owner/OneDrive/Documents/GItHubRepository/AF_AssetPipeline/Class_WhiteBox/Saved/Config/Windows/Engine.ini]
[2019.01.18-06.24.57:739][  0]LogConfig: Setting CVar [[gc.MaxObjectsNotConsideredByGC:1]]
[2019.01.18-06.24.57:739][  0]LogConfig: Setting CVar [[gc.SizeOfPermanentObjectPool:0]]
[2019.01.18-06.24.57:739][  0]LogConfig: Setting CVar [[gc.FlushStreamingOnGC:0]]
[2019.01.18-06.24.57:739][  0]LogConfig: Setting CVar [[gc.NumRetriesBeforeForcingGC:10]]
[2019.01.18-06.24.57:739][  0]LogConfig: Setting CVar [[gc.AllowParallelGC:1]]
[2019.01.18-06.24.57:739][  0]LogConfig: Setting CVar [[gc.TimeBetweenPurgingPendingKillObjects:61.1]]
[2019.01.18-06.24.57:739][  0]LogConfig: Setting CVar [[gc.MaxObjectsInEditor:8388607]]
[2019.01.18-06.24.57:739][  0]LogConfig: Setting CVar [[gc.IncrementalBeginDestroyEnabled:1]]
[2019.01.18-06.24.57:739][  0]LogConfig: Setting CVar [[gc.CreateGCClusters:1]]
[2019.01.18-06.24.57:739][  0]LogConfig: Setting CVar [[gc.MergeGCClusters:0]]
[2019.01.18-06.24.57:739][  0]LogConfig: Setting CVar [[gc.MinGCClusterSize:5]]
[2019.01.18-06.24.57:739][  0]LogConfig: Setting CVar [[gc.ActorClusteringEnabled:0]]
[2019.01.18-06.24.57:739][  0]LogConfig: Setting CVar [[gc.BlueprintClusteringEnabled:0]]
[2019.01.18-06.24.57:739][  0]LogConfig: Setting CVar [[gc.UseDisregardForGCOnDedicatedServers:0]]
[2019.01.18-06.24.57:739][  0]LogConfig: Applying CVar settings from Section [/Script/Engine.NetworkSettings] File [C:/Users/owner/OneDrive/Documents/GItHubRepository/AF_AssetPipeline/Class_WhiteBox/Saved/Config/Windows/Engine.ini]
[2019.01.18-06.24.57:739][  0]LogConfig: Applying CVar settings from Section [/Script/UnrealEd.CookerSettings] File [C:/Users/owner/OneDrive/Documents/GItHubRepository/AF_AssetPipeline/Class_WhiteBox/Saved/Config/Windows/Engine.ini]
[2019.01.18-06.24.57:755][  0]LogConfig: Applying CVar settings from Section [ViewDistanceQuality@3] File [C:/Users/owner/OneDrive/Documents/GItHubRepository/AF_AssetPipeline/Class_WhiteBox/Saved/Config/Windows/Scalability.ini]
[2019.01.18-06.24.57:755][  0]LogConfig: Setting CVar [[r.SkeletalMeshLODBias:0]]
[2019.01.18-06.24.57:755][  0]LogConfig: Setting CVar [[r.ViewDistanceScale:1.0]]
[2019.01.18-06.24.57:755][  0]LogConfig: Applying CVar settings from Section [AntiAliasingQuality@3] File [C:/Users/owner/OneDrive/Documents/GItHubRepository/AF_AssetPipeline/Class_WhiteBox/Saved/Config/Windows/Scalability.ini]
[2019.01.18-06.24.57:755][  0]LogConfig: Setting CVar [[r.PostProcessAAQuality:4]]
[2019.01.18-06.24.57:755][  0]LogConfig: Applying CVar settings from Section [ShadowQuality@3] File [C:/Users/owner/OneDrive/Documents/GItHubRepository/AF_AssetPipeline/Class_WhiteBox/Saved/Config/Windows/Scalability.ini]
[2019.01.18-06.24.57:755][  0]LogConfig: Setting CVar [[r.LightFunctionQuality:1]]
[2019.01.18-06.24.57:755][  0]LogConfig: Setting CVar [[r.ShadowQuality:5]]
[2019.01.18-06.24.57:755][  0]LogConfig: Setting CVar [[r.Shadow.CSM.MaxCascades:10]]
[2019.01.18-06.24.57:755][  0]LogConfig: Setting CVar [[r.Shadow.MaxResolution:2048]]
[2019.01.18-06.24.57:756][  0]LogConfig: Setting CVar [[r.Shadow.MaxCSMResolution:2048]]
[2019.01.18-06.24.57:756][  0]LogConfig: Setting CVar [[r.Shadow.RadiusThreshold:0.01]]
[2019.01.18-06.24.57:756][  0]LogConfig: Setting CVar [[r.Shadow.DistanceScale:1.0]]
[2019.01.18-06.24.57:756][  0]LogConfig: Setting CVar [[r.Shadow.CSM.TransitionScale:1.0]]
[2019.01.18-06.24.57:756][  0]LogConfig: Setting CVar [[r.Shadow.PreShadowResolutionFactor:1.0]]
[2019.01.18-06.24.57:756][  0]LogConfig: Setting CVar [[r.DistanceFieldShadowing:1]]
[2019.01.18-06.24.57:756][  0]LogConfig: Setting CVar [[r.DistanceFieldAO:1]]
[2019.01.18-06.24.57:756][  0]LogConfig: Setting CVar [[r.AOQuality:2]]
[2019.01.18-06.24.57:756][  0]LogConfig: Setting CVar [[r.VolumetricFog:1]]
[2019.01.18-06.24.57:756][  0]LogConfig: Setting CVar [[r.VolumetricFog.GridPixelSize:8]]
[2019.01.18-06.24.57:756][  0]LogConfig: Setting CVar [[r.VolumetricFog.GridSizeZ:128]]
[2019.01.18-06.24.57:756][  0]LogConfig: Setting CVar [[r.VolumetricFog.HistoryMissSupersampleCount:4]]
[2019.01.18-06.24.57:756][  0]LogConfig: Setting CVar [[r.LightMaxDrawDistanceScale:1]]
[2019.01.18-06.24.57:756][  0]LogConfig: Setting CVar [[r.CapsuleShadows:1]]
[2019.01.18-06.24.57:756][  0]LogConfig: Applying CVar settings from Section [PostProcessQuality@3] File [C:/Users/owner/OneDrive/Documents/GItHubRepository/AF_AssetPipeline/Class_WhiteBox/Saved/Config/Windows/Scalability.ini]
[2019.01.18-06.24.57:756][  0]LogConfig: Setting CVar [[r.MotionBlurQuality:4]]
[2019.01.18-06.24.57:756][  0]LogConfig: Setting CVar [[r.AmbientOcclusionMipLevelFactor:0.4]]
[2019.01.18-06.24.57:756][  0]LogConfig: Setting CVar [[r.AmbientOcclusionMaxQuality:100]]
[2019.01.18-06.24.57:756][  0]LogConfig: Setting CVar [[r.AmbientOcclusionLevels:-1]]
[2019.01.18-06.24.57:756][  0]LogConfig: Setting CVar [[r.AmbientOcclusionRadiusScale:1.0]]
[2019.01.18-06.24.57:756][  0]LogConfig: Setting CVar [[r.DepthOfFieldQuality:2]]
[2019.01.18-06.24.57:757][  0]LogConfig: Setting CVar [[r.RenderTargetPoolMin:400]]
[2019.01.18-06.24.57:757][  0]LogConfig: Setting CVar [[r.LensFlareQuality:2]]
[2019.01.18-06.24.57:757][  0]LogConfig: Setting CVar [[r.SceneColorFringeQuality:1]]
[2019.01.18-06.24.57:757][  0]LogConfig: Setting CVar [[r.EyeAdaptationQuality:2]]
[2019.01.18-06.24.57:757][  0]LogConfig: Setting CVar [[r.BloomQuality:5]]
[2019.01.18-06.24.57:757][  0]LogConfig: Setting CVar [[r.FastBlurThreshold:100]]
[2019.01.18-06.24.57:757][  0]LogConfig: Setting CVar [[r.Upscale.Quality:3]]
[2019.01.18-06.24.57:757][  0]LogConfig: Setting CVar [[r.Tonemapper.GrainQuantization:1]]
[2019.01.18-06.24.57:757][  0]LogConfig: Setting CVar [[r.LightShaftQuality:1]]
[2019.01.18-06.24.57:757][  0]LogConfig: Setting CVar [[r.Filter.SizeScale:1]]
[2019.01.18-06.24.57:757][  0]LogConfig: Setting CVar [[r.Tonemapper.Quality:5]]
[2019.01.18-06.24.57:757][  0]LogConfig: Setting CVar [[r.DOF.Gather.AccumulatorQuality:1        ; higher gathering accumulator quality]]
[2019.01.18-06.24.57:757][  0]LogConfig: Setting CVar [[r.DOF.Gather.PostfilterMethod:1          ; Median3x3 postfilering method]]
[2019.01.18-06.24.57:757][  0]LogConfig: Setting CVar [[r.DOF.Gather.EnableBokehSettings:0       ; no bokeh simulation when gathering]]
[2019.01.18-06.24.57:757][  0]LogConfig: Setting CVar [[r.DOF.Gather.RingCount:4                 ; medium number of samples when gathering]]
[2019.01.18-06.24.57:757][  0]LogConfig: Setting CVar [[r.DOF.Scatter.ForegroundCompositing:1    ; additive foreground scattering]]
[2019.01.18-06.24.57:757][  0]LogConfig: Setting CVar [[r.DOF.Scatter.BackgroundCompositing:2    ; additive background scattering]]
[2019.01.18-06.24.57:757][  0]LogConfig: Setting CVar [[r.DOF.Scatter.EnableBokehSettings:1      ; bokeh simulation when scattering]]
[2019.01.18-06.24.57:757][  0]LogConfig: Setting CVar [[r.DOF.Scatter.MaxSpriteRatio:0.1         ; only a maximum of 10% of scattered bokeh]]
[2019.01.18-06.24.57:757][  0]LogConfig: Setting CVar [[r.DOF.Recombine.Quality:1                ; cheap slight out of focus]]
[2019.01.18-06.24.57:757][  0]LogConfig: Setting CVar [[r.DOF.Recombine.EnableBokehSettings:0    ; no bokeh simulation on slight out of focus]]
[2019.01.18-06.24.57:758][  0]LogConfig: Setting CVar [[r.DOF.TemporalAAQuality:1                ; more stable temporal accumulation]]
[2019.01.18-06.24.57:758][  0]LogConfig: Setting CVar [[r.DOF.Kernel.MaxForegroundRadius:0.025]]
[2019.01.18-06.24.57:758][  0]LogConfig: Setting CVar [[r.DOF.Kernel.MaxBackgroundRadius:0.025]]
[2019.01.18-06.24.57:758][  0]LogConfig: Applying CVar settings from Section [TextureQuality@3] File [C:/Users/owner/OneDrive/Documents/GItHubRepository/AF_AssetPipeline/Class_WhiteBox/Saved/Config/Windows/Scalability.ini]
[2019.01.18-06.24.57:758][  0]LogConfig: Setting CVar [[r.Streaming.MipBias:0]]
[2019.01.18-06.24.57:758][  0]LogConfig: Setting CVar [[r.Streaming.AmortizeCPUToGPUCopy:0]]
[2019.01.18-06.24.57:758][  0]LogConfig: Setting CVar [[r.Streaming.MaxNumTexturesToStreamPerFrame:0]]
[2019.01.18-06.24.57:758][  0]LogConfig: Setting CVar [[r.Streaming.Boost:1]]
[2019.01.18-06.24.57:758][  0]LogConfig: Setting CVar [[r.MaxAnisotropy:8]]
[2019.01.18-06.24.57:758][  0]LogConfig: Setting CVar [[r.Streaming.LimitPoolSizeToVRAM:0]]
[2019.01.18-06.24.57:758][  0]LogConfig: Setting CVar [[r.Streaming.PoolSize:1000]]
[2019.01.18-06.24.57:758][  0]LogConfig: Setting CVar [[r.Streaming.MaxEffectiveScreenSize:0]]
[2019.01.18-06.24.57:758][  0]LogConfig: Applying CVar settings from Section [EffectsQuality@3] File [C:/Users/owner/OneDrive/Documents/GItHubRepository/AF_AssetPipeline/Class_WhiteBox/Saved/Config/Windows/Scalability.ini]
[2019.01.18-06.24.57:758][  0]LogConfig: Setting CVar [[r.TranslucencyLightingVolumeDim:64]]
[2019.01.18-06.24.57:758][  0]LogConfig: Setting CVar [[r.RefractionQuality:2]]
[2019.01.18-06.24.57:758][  0]LogConfig: Setting CVar [[r.SSR.Quality:3]]
[2019.01.18-06.24.57:758][  0]LogConfig: Setting CVar [[r.SceneColorFormat:4]]
[2019.01.18-06.24.57:758][  0]LogConfig: Setting CVar [[r.DetailMode:2]]
[2019.01.18-06.24.57:758][  0]LogConfig: Setting CVar [[r.TranslucencyVolumeBlur:1]]
[2019.01.18-06.24.57:758][  0]LogConfig: Setting CVar [[r.MaterialQualityLevel:1 ; High quality]]
[2019.01.18-06.24.57:758][  0]LogConfig: Setting CVar [[r.SSS.Scale:1]]
[2019.01.18-06.24.57:758][  0]LogConfig: Setting CVar [[r.SSS.SampleSet:2]]
[2019.01.18-06.24.57:759][  0]LogConfig: Setting CVar [[r.SSS.Quality:1]]
[2019.01.18-06.24.57:759][  0]LogConfig: Setting CVar [[r.SSS.HalfRes:1]]
[2019.01.18-06.24.57:759][  0]LogConfig: Setting CVar [[r.EmitterSpawnRateScale:1.0]]
[2019.01.18-06.24.57:759][  0]LogConfig: Setting CVar [[r.ParticleLightQuality:2]]
[2019.01.18-06.24.57:759][  0]LogConfig: Applying CVar settings from Section [FoliageQuality@3] File [C:/Users/owner/OneDrive/Documents/GItHubRepository/AF_AssetPipeline/Class_WhiteBox/Saved/Config/Windows/Scalability.ini]
[2019.01.18-06.24.57:759][  0]LogConfig: Setting CVar [[foliage.DensityScale:1.0]]
[2019.01.18-06.24.57:759][  0]LogConfig: Setting CVar [[grass.DensityScale:1.0]]
[2019.01.18-06.24.57:759][  0]LogInit: Selected Device Profile: [Windows]
[2019.01.18-06.24.57:759][  0]LogInit: Applying CVar settings loaded from the selected device profile: [Windows]
[2019.01.18-06.24.57:812][  0]LogHAL: Display: Platform has ~ 8 GB [8546492416 / 8589934592 / 8], which maps to Default [LargestMinGB=32, LargerMinGB=12, DefaultMinGB=8, SmallerMinGB=6, SmallestMinGB=0)
[2019.01.18-06.24.57:812][  0]LogConfig: Setting CVar [[r.Vulkan.UseRealUBs:1]]
[2019.01.18-06.24.57:812][  0]LogInit: Going up to parent DeviceProfile []
[2019.01.18-06.24.57:812][  0]LogConfig: Applying CVar settings from Section [ViewDistanceQuality@3] File [C:/Users/owner/OneDrive/Documents/GItHubRepository/AF_AssetPipeline/Class_WhiteBox/Saved/Config/Windows/Scalability.ini]
[2019.01.18-06.24.57:812][  0]LogConfig: Setting CVar [[r.SkeletalMeshLODBias:0]]
[2019.01.18-06.24.57:812][  0]LogConfig: Setting CVar [[r.ViewDistanceScale:1.0]]
[2019.01.18-06.24.57:812][  0]LogConfig: Applying CVar settings from Section [AntiAliasingQuality@3] File [C:/Users/owner/OneDrive/Documents/GItHubRepository/AF_AssetPipeline/Class_WhiteBox/Saved/Config/Windows/Scalability.ini]
[2019.01.18-06.24.57:812][  0]LogConfig: Setting CVar [[r.PostProcessAAQuality:4]]
[2019.01.18-06.24.57:812][  0]LogConfig: Applying CVar settings from Section [ShadowQuality@3] File [C:/Users/owner/OneDrive/Documents/GItHubRepository/AF_AssetPipeline/Class_WhiteBox/Saved/Config/Windows/Scalability.ini]
[2019.01.18-06.24.57:812][  0]LogConfig: Setting CVar [[r.LightFunctionQuality:1]]
[2019.01.18-06.24.57:812][  0]LogConfig: Setting CVar [[r.ShadowQuality:5]]
[2019.01.18-06.24.57:812][  0]LogConfig: Setting CVar [[r.Shadow.CSM.MaxCascades:10]]
[2019.01.18-06.24.57:812][  0]LogConfig: Setting CVar [[r.Shadow.MaxResolution:2048]]
[2019.01.18-06.24.57:812][  0]LogConfig: Setting CVar [[r.Shadow.MaxCSMResolution:2048]]
[2019.01.18-06.24.57:812][  0]LogConfig: Setting CVar [[r.Shadow.RadiusThreshold:0.01]]
[2019.01.18-06.24.57:812][  0]LogConfig: Setting CVar [[r.Shadow.DistanceScale:1.0]]
[2019.01.18-06.24.57:812][  0]LogConfig: Setting CVar [[r.Shadow.CSM.TransitionScale:1.0]]
[2019.01.18-06.24.57:812][  0]LogConfig: Setting CVar [[r.Shadow.PreShadowResolutionFactor:1.0]]
[2019.01.18-06.24.57:812][  0]LogConfig: Setting CVar [[r.DistanceFieldShadowing:1]]
[2019.01.18-06.24.57:812][  0]LogConfig: Setting CVar [[r.DistanceFieldAO:1]]
[2019.01.18-06.24.57:812][  0]LogConfig: Setting CVar [[r.AOQuality:2]]
[2019.01.18-06.24.57:812][  0]LogConfig: Setting CVar [[r.VolumetricFog:1]]
[2019.01.18-06.24.57:812][  0]LogConfig: Setting CVar [[r.VolumetricFog.GridPixelSize:8]]
[2019.01.18-06.24.57:812][  0]LogConfig: Setting CVar [[r.VolumetricFog.GridSizeZ:128]]
[2019.01.18-06.24.57:812][  0]LogConfig: Setting CVar [[r.VolumetricFog.HistoryMissSupersampleCount:4]]
[2019.01.18-06.24.57:812][  0]LogConfig: Setting CVar [[r.LightMaxDrawDistanceScale:1]]
[2019.01.18-06.24.57:812][  0]LogConfig: Setting CVar [[r.CapsuleShadows:1]]
[2019.01.18-06.24.57:812][  0]LogConfig: Applying CVar settings from Section [PostProcessQuality@3] File [C:/Users/owner/OneDrive/Documents/GItHubRepository/AF_AssetPipeline/Class_WhiteBox/Saved/Config/Windows/Scalability.ini]
[2019.01.18-06.24.57:812][  0]LogConfig: Setting CVar [[r.MotionBlurQuality:4]]
[2019.01.18-06.24.57:812][  0]LogConfig: Setting CVar [[r.AmbientOcclusionMipLevelFactor:0.4]]
[2019.01.18-06.24.57:812][  0]LogConfig: Setting CVar [[r.AmbientOcclusionMaxQuality:100]]
[2019.01.18-06.24.57:812][  0]LogConfig: Setting CVar [[r.AmbientOcclusionLevels:-1]]
[2019.01.18-06.24.57:812][  0]LogConfig: Setting CVar [[r.AmbientOcclusionRadiusScale:1.0]]
[2019.01.18-06.24.57:812][  0]LogConfig: Setting CVar [[r.DepthOfFieldQuality:2]]
[2019.01.18-06.24.57:812][  0]LogConfig: Setting CVar [[r.RenderTargetPoolMin:400]]
[2019.01.18-06.24.57:812][  0]LogConfig: Setting CVar [[r.LensFlareQuality:2]]
[2019.01.18-06.24.57:812][  0]LogConfig: Setting CVar [[r.SceneColorFringeQuality:1]]
[2019.01.18-06.24.57:812][  0]LogConfig: Setting CVar [[r.EyeAdaptationQuality:2]]
[2019.01.18-06.24.57:812][  0]LogConfig: Setting CVar [[r.BloomQuality:5]]
[2019.01.18-06.24.57:813][  0]LogConfig: Setting CVar [[r.FastBlurThreshold:100]]
[2019.01.18-06.24.57:813][  0]LogConfig: Setting CVar [[r.Upscale.Quality:3]]
[2019.01.18-06.24.57:813][  0]LogConfig: Setting CVar [[r.Tonemapper.GrainQuantization:1]]
[2019.01.18-06.24.57:813][  0]LogConfig: Setting CVar [[r.LightShaftQuality:1]]
[2019.01.18-06.24.57:813][  0]LogConfig: Setting CVar [[r.Filter.SizeScale:1]]
[2019.01.18-06.24.57:813][  0]LogConfig: Setting CVar [[r.Tonemapper.Quality:5]]
[2019.01.18-06.24.57:813][  0]LogConfig: Setting CVar [[r.DOF.Gather.AccumulatorQuality:1        ; higher gathering accumulator quality]]
[2019.01.18-06.24.57:813][  0]LogConfig: Setting CVar [[r.DOF.Gather.PostfilterMethod:1          ; Median3x3 postfilering method]]
[2019.01.18-06.24.57:813][  0]LogConfig: Setting CVar [[r.DOF.Gather.EnableBokehSettings:0       ; no bokeh simulation when gathering]]
[2019.01.18-06.24.57:813][  0]LogConfig: Setting CVar [[r.DOF.Gather.RingCount:4                 ; medium number of samples when gathering]]
[2019.01.18-06.24.57:813][  0]LogConfig: Setting CVar [[r.DOF.Scatter.ForegroundCompositing:1    ; additive foreground scattering]]
[2019.01.18-06.24.57:813][  0]LogConfig: Setting CVar [[r.DOF.Scatter.BackgroundCompositing:2    ; additive background scattering]]
[2019.01.18-06.24.57:813][  0]LogConfig: Setting CVar [[r.DOF.Scatter.EnableBokehSettings:1      ; bokeh simulation when scattering]]
[2019.01.18-06.24.57:813][  0]LogConfig: Setting CVar [[r.DOF.Scatter.MaxSpriteRatio:0.1         ; only a maximum of 10% of scattered bokeh]]
[2019.01.18-06.24.57:813][  0]LogConfig: Setting CVar [[r.DOF.Recombine.Quality:1                ; cheap slight out of focus]]
[2019.01.18-06.24.57:813][  0]LogConfig: Setting CVar [[r.DOF.Recombine.EnableBokehSettings:0    ; no bokeh simulation on slight out of focus]]
[2019.01.18-06.24.57:813][  0]LogConfig: Setting CVar [[r.DOF.TemporalAAQuality:1                ; more stable temporal accumulation]]
[2019.01.18-06.24.57:813][  0]LogConfig: Setting CVar [[r.DOF.Kernel.MaxForegroundRadius:0.025]]
[2019.01.18-06.24.57:813][  0]LogConfig: Setting CVar [[r.DOF.Kernel.MaxBackgroundRadius:0.025]]
[2019.01.18-06.24.57:813][  0]LogConfig: Applying CVar settings from Section [TextureQuality@3] File [C:/Users/owner/OneDrive/Documents/GItHubRepository/AF_AssetPipeline/Class_WhiteBox/Saved/Config/Windows/Scalability.ini]
[2019.01.18-06.24.57:813][  0]LogConfig: Setting CVar [[r.Streaming.MipBias:0]]
[2019.01.18-06.24.57:813][  0]LogConfig: Setting CVar [[r.Streaming.AmortizeCPUToGPUCopy:0]]
[2019.01.18-06.24.57:813][  0]LogConfig: Setting CVar [[r.Streaming.MaxNumTexturesToStreamPerFrame:0]]
[2019.01.18-06.24.57:813][  0]LogConfig: Setting CVar [[r.Streaming.Boost:1]]
[2019.01.18-06.24.57:813][  0]LogConfig: Setting CVar [[r.MaxAnisotropy:8]]
[2019.01.18-06.24.57:813][  0]LogConfig: Setting CVar [[r.Streaming.LimitPoolSizeToVRAM:0]]
[2019.01.18-06.24.57:813][  0]LogConfig: Setting CVar [[r.Streaming.PoolSize:1000]]
[2019.01.18-06.24.57:813][  0]LogConfig: Setting CVar [[r.Streaming.MaxEffectiveScreenSize:0]]
[2019.01.18-06.24.57:813][  0]LogConfig: Applying CVar settings from Section [EffectsQuality@3] File [C:/Users/owner/OneDrive/Documents/GItHubRepository/AF_AssetPipeline/Class_WhiteBox/Saved/Config/Windows/Scalability.ini]
[2019.01.18-06.24.57:813][  0]LogConfig: Setting CVar [[r.TranslucencyLightingVolumeDim:64]]
[2019.01.18-06.24.57:813][  0]LogConfig: Setting CVar [[r.RefractionQuality:2]]
[2019.01.18-06.24.57:813][  0]LogConfig: Setting CVar [[r.SSR.Quality:3]]
[2019.01.18-06.24.57:813][  0]LogConfig: Setting CVar [[r.SceneColorFormat:4]]
[2019.01.18-06.24.57:813][  0]LogConfig: Setting CVar [[r.DetailMode:2]]
[2019.01.18-06.24.57:813][  0]LogConfig: Setting CVar [[r.TranslucencyVolumeBlur:1]]
[2019.01.18-06.24.57:813][  0]LogConfig: Setting CVar [[r.MaterialQualityLevel:1 ; High quality]]
[2019.01.18-06.24.57:813][  0]LogConfig: Setting CVar [[r.SSS.Scale:1]]
[2019.01.18-06.24.57:813][  0]LogConfig: Setting CVar [[r.SSS.SampleSet:2]]
[2019.01.18-06.24.57:813][  0]LogConfig: Setting CVar [[r.SSS.Quality:1]]
[2019.01.18-06.24.57:813][  0]LogConfig: Setting CVar [[r.SSS.HalfRes:1]]
[2019.01.18-06.24.57:813][  0]LogConfig: Setting CVar [[r.EmitterSpawnRateScale:1.0]]
[2019.01.18-06.24.57:813][  0]LogConfig: Setting CVar [[r.ParticleLightQuality:2]]
[2019.01.18-06.24.57:813][  0]LogConfig: Applying CVar settings from Section [FoliageQuality@3] File [C:/Users/owner/OneDrive/Documents/GItHubRepository/AF_AssetPipeline/Class_WhiteBox/Saved/Config/Windows/Scalability.ini]
[2019.01.18-06.24.57:813][  0]LogConfig: Setting CVar [[foliage.DensityScale:1.0]]
[2019.01.18-06.24.57:813][  0]LogConfig: Setting CVar [[grass.DensityScale:1.0]]
[2019.01.18-06.24.57:813][  0]LogConfig: Applying CVar settings from Section [Startup] File [../../../Engine/Config/ConsoleVariables.ini]
[2019.01.18-06.24.57:814][  0]LogConfig: Setting CVar [[net.UseAdaptiveNetUpdateFrequency:0]]
[2019.01.18-06.24.57:814][  0]LogConfig: Applying CVar settings from Section [ConsoleVariables] File [C:/Users/owner/OneDrive/Documents/GItHubRepository/AF_AssetPipeline/Class_WhiteBox/Saved/Config/Windows/Engine.ini]
[2019.01.18-06.24.57:814][  0]LogInit: Computer: GIGABYTE-AMD
[2019.01.18-06.24.57:814][  0]LogInit: User: owner
[2019.01.18-06.24.57:814][  0]LogInit: CPU Page size=4096, Cores=3
[2019.01.18-06.24.57:814][  0]LogInit: High frequency timer resolution =3.826286 MHz
[2019.01.18-06.24.57:815][  0]LogMemory: Memory total: Physical=8.0GB (8GB approx)
[2019.01.18-06.24.57:815][  0]LogMemory: Platform Memory Stats for Windows
[2019.01.18-06.24.57:815][  0]LogMemory: Process Physical Memory: 100.36 MB used, 100.36 MB peak
[2019.01.18-06.24.57:815][  0]LogMemory: Process Virtual Memory: 92.60 MB used, 92.60 MB peak
[2019.01.18-06.24.57:815][  0]LogMemory: Physical Memory: 4801.14 MB used,  3349.43 MB free, 8150.57 MB total
[2019.01.18-06.24.57:815][  0]LogMemory: Virtual Memory: 490.95 MB used,  134217240.00 MB free, 134217728.00 MB total
[2019.01.18-06.24.57:835][  0]LogInit: Using OS detected language (en-US).
[2019.01.18-06.24.57:835][  0]LogInit: Using OS detected locale (en-US).
[2019.01.18-06.24.57:836][  0]LogTextLocalizationManager: No specific localization for 'en-US' exists, so the 'en' localization will be used.
[2019.01.18-06.24.58:340][  0]LogStreaming: Display: Took  0.506s to InitEngineTextLocalization.
[2019.01.18-06.24.58:341][  0]LogInit: Setting process to per monitor DPI aware
[2019.01.18-06.24.58:442][  0]LogSlate: New Slate User Created.  User Index 0, Is Virtual User: 0
[2019.01.18-06.24.58:442][  0]LogSlate: Slate User Registered.  User Index 0, Is Virtual User: 0
[2019.01.18-06.25.01:567][  0]LogHMD: Failed to initialize OpenVR with code 110
[2019.01.18-06.25.01:567][  0]LogD3D11RHI: D3D11 adapters:
[2019.01.18-06.25.01:586][  0]LogD3D11RHI:    0. 'AMD Radeon R9 200 Series' (Feature Level 11_0)
[2019.01.18-06.25.01:586][  0]LogD3D11RHI:       4074/0/3840 MB DedicatedVideo/DedicatedSystem/SharedSystem, Outputs:1, VendorId:0x1002
[2019.01.18-06.25.01:587][  0]LogD3D11RHI:    1. 'Microsoft Basic Render Driver' (Feature Level 11_0)
[2019.01.18-06.25.01:587][  0]LogD3D11RHI:       0/0/256 MB DedicatedVideo/DedicatedSystem/SharedSystem, Outputs:0, VendorId:0x1414
[2019.01.18-06.25.01:587][  0]LogD3D11RHI: Chosen D3D11 Adapter: 0
[2019.01.18-06.25.01:594][  0]LogD3D11RHI: Creating new Direct3DDevice
[2019.01.18-06.25.01:594][  0]LogD3D11RHI:     GPU DeviceId: 0x6810 (for the marketing name, search the web for "GPU Device Id")
[2019.01.18-06.25.01:594][  0]LogWindows: EnumDisplayDevices:
[2019.01.18-06.25.01:594][  0]LogWindows:    0. 'AMD Radeon R9 200 Series' (P:1 D:1)
[2019.01.18-06.25.01:594][  0]LogWindows:    1. 'AMD Radeon R9 200 Series' (P:0 D:0)
[2019.01.18-06.25.01:595][  0]LogWindows:    2. 'AMD Radeon R9 200 Series' (P:0 D:0)
[2019.01.18-06.25.01:595][  0]LogWindows:    3. 'AMD Radeon R9 200 Series' (P:0 D:0)
[2019.01.18-06.25.01:595][  0]LogWindows:    4. 'AMD Radeon R9 200 Series' (P:0 D:0)
[2019.01.18-06.25.01:596][  0]LogWindows:    5. 'AMD Radeon R9 200 Series' (P:0 D:0)
[2019.01.18-06.25.01:596][  0]LogWindows: DebugString: FoundDriverCount:6 
[2019.01.18-06.25.01:596][  0]LogD3D11RHI:     Adapter Name: AMD Radeon R9 200 Series
[2019.01.18-06.25.01:596][  0]LogD3D11RHI:   Driver Version: Crimson ReLive 17.7.1 (internal:22.19.171.1024, unified:22.19.171.1024)
[2019.01.18-06.25.01:596][  0]LogD3D11RHI:      Driver Date: 7-4-2017
[2019.01.18-06.25.01:596][  0]LogRHI: Texture pool is 2851 MB (70% of 4074 MB)
[2019.01.18-06.25.01:650][  0]LogD3D11RHI: Async texture creation enabled
[2019.01.18-06.25.01:662][  0]LogD3D11RHI: GPU Timing Frequency: 27.000000 (Debug: 2 1)
[2019.01.18-06.25.02:411][  0]LogTemp: Display: Loaded TP AllDesktopTargetPlatform
[2019.01.18-06.25.02:431][  0]LogTemp: Display: Loaded TP MacClientTargetPlatform
[2019.01.18-06.25.02:451][  0]LogTemp: Display: Loaded TP MacNoEditorTargetPlatform
[2019.01.18-06.25.02:469][  0]LogTemp: Display: Loaded TP MacServerTargetPlatform
[2019.01.18-06.25.02:525][  0]LogTemp: Display: Loaded TP MacTargetPlatform
[2019.01.18-06.25.02:544][  0]LogTemp: Display: Loaded TP WindowsClientTargetPlatform
[2019.01.18-06.25.02:562][  0]LogTemp: Display: Loaded TP WindowsNoEditorTargetPlatform
[2019.01.18-06.25.02:580][  0]LogTemp: Display: Loaded TP WindowsServerTargetPlatform
[2019.01.18-06.25.02:589][  0]LogTemp: Display: Loaded TP WindowsTargetPlatform
[2019.01.18-06.25.02:723][  0]LogTemp: Display: Loaded TP AndroidTargetPlatform
[2019.01.18-06.25.02:723][  0]LogTemp: Display: Loaded TP AndroidTargetPlatform
[2019.01.18-06.25.02:723][  0]LogTemp: Display: Loaded TP AndroidTargetPlatform
[2019.01.18-06.25.02:723][  0]LogTemp: Display: Loaded TP AndroidTargetPlatform
[2019.01.18-06.25.02:723][  0]LogTemp: Display: Loaded TP AndroidTargetPlatform
[2019.01.18-06.25.02:723][  0]LogTemp: Display: Loaded TP AndroidTargetPlatform
[2019.01.18-06.25.02:723][  0]LogTemp: Display: Loaded TP AndroidTargetPlatform
[2019.01.18-06.25.02:723][  0]LogTemp: Display: Loaded TP AndroidTargetPlatform
[2019.01.18-06.25.02:723][  0]LogTemp: Display: Loaded TP AndroidTargetPlatform
[2019.01.18-06.25.02:723][  0]LogTemp: Display: Loaded TP AndroidTargetPlatform
[2019.01.18-06.25.02:723][  0]LogTemp: Display: Loaded TP AndroidTargetPlatform
[2019.01.18-06.25.02:723][  0]LogTemp: Display: Loaded TP AndroidTargetPlatform
[2019.01.18-06.25.02:723][  0]LogTemp: Display: Loaded TP AndroidTargetPlatform
[2019.01.18-06.25.02:723][  0]LogTemp: Display: Loaded TP AndroidTargetPlatform
[2019.01.18-06.25.02:723][  0]LogTemp: Display: Loaded TP AndroidTargetPlatform
[2019.01.18-06.25.02:723][  0]LogTemp: Display: Loaded TP AndroidTargetPlatform
[2019.01.18-06.25.02:723][  0]LogTemp: Display: Loaded TP AndroidTargetPlatform
[2019.01.18-06.25.02:723][  0]LogTemp: Display: Loaded TP AndroidTargetPlatform
[2019.01.18-06.25.02:725][  0]LogTemp: Display: Loaded TP HTML5TargetPlatform
[2019.01.18-06.25.02:852][  0]LogTemp: Display: Loaded TP IOSTargetPlatform
[2019.01.18-06.25.02:852][  0]LogTemp: Display: Loaded TP IOSTargetPlatform
[2019.01.18-06.25.02:884][  0]LogTemp: Display: Loaded TP TVOSTargetPlatform
[2019.01.18-06.25.02:884][  0]LogTemp: Display: Loaded TP TVOSTargetPlatform
[2019.01.18-06.25.02:903][  0]LogTemp: Display: Loaded TP LinuxClientTargetPlatform
[2019.01.18-06.25.02:919][  0]LogTemp: Display: Loaded TP LinuxNoEditorTargetPlatform
[2019.01.18-06.25.02:936][  0]LogTemp: Display: Loaded TP LinuxServerTargetPlatform
[2019.01.18-06.25.02:976][  0]LogTemp: Display: Loaded TP LinuxTargetPlatform
[2019.01.18-06.25.03:043][  0]LogTemp: Display: Loaded TP LuminTargetPlatform
[2019.01.18-06.25.03:043][  0]LogTemp: Display: Loaded TP LuminTargetPlatform
[2019.01.18-06.25.03:043][  0]LogTargetPlatformManager: Display: Building Assets For Windows
[2019.01.18-06.25.03:176][  0]LogShaderCompilers: Guid format shader working directory is -51 characters bigger than the processId version (../../../../../../Users/owner/OneDrive/Documents/GItHubRepository/AF_AssetPipeline/Class_WhiteBox/Intermediate/Shaders/WorkingDirectory/3600/).
[2019.01.18-06.25.03:176][  0]LogShaderCompilers: Cleaned the shader compiler working directory 'C:/Users/owner/AppData/Local/Temp/UnrealShaderWorkingDir/5FAFC22A45DF0981C3D142BB717E60A8/'.
[2019.01.18-06.25.03:180][  0]LogXGEController: Cannot use XGE Controller as Incredibuild is not installed on this machine.
[2019.01.18-06.25.03:180][  0]LogShaderCompilers: Cannot use XGE Shader Compiler as Incredibuild is not installed on this machine.
[2019.01.18-06.25.03:180][  0]LogShaderCompilers: Display: Using Local Shader Compiler.
[2019.01.18-06.25.05:623][  0]LogDerivedDataCache: Display: Max Cache Size: 512 MB
[2019.01.18-06.25.06:403][  0]LogDerivedDataCache: Loaded boot cache 0.78s 86MB C:/Users/owner/AppData/Local/UnrealEngine/4.21/DerivedDataCache/Boot.ddc.
[2019.01.18-06.25.06:403][  0]LogDerivedDataCache: Display: Loaded Boot cache: C:/Users/owner/AppData/Local/UnrealEngine/4.21/DerivedDataCache/Boot.ddc
[2019.01.18-06.25.06:403][  0]LogDerivedDataCache: FDerivedDataBackendGraph:  Pak pak cache file ../../../../../../Users/owner/OneDrive/Documents/GItHubRepository/AF_AssetPipeline/Class_WhiteBox/DerivedDataCache/DDC.ddp not found, will not use a pak cache.
[2019.01.18-06.25.06:403][  0]LogDerivedDataCache: Unable to find inner node Pak for hierarchical cache Hierarchy.
[2019.01.18-06.25.06:403][  0]LogDerivedDataCache: FDerivedDataBackendGraph:  CompressedPak pak cache file ../../../../../../Users/owner/OneDrive/Documents/GItHubRepository/AF_AssetPipeline/Class_WhiteBox/DerivedDataCache/Compressed.ddp not found, will not use a pak cache.
[2019.01.18-06.25.06:403][  0]LogDerivedDataCache: Unable to find inner node CompressedPak for hierarchical cache Hierarchy.
[2019.01.18-06.25.06:435][  0]LogDerivedDataCache: Display: Pak cache opened for reading ../../../Engine/DerivedDataCache/Compressed.ddp.
[2019.01.18-06.25.06:435][  0]LogDerivedDataCache: FDerivedDataBackendGraph:  EnterprisePak pak cache file ../../../Enterprise/DerivedDataCache/Compressed.ddp not found, will not use a pak cache.
[2019.01.18-06.25.06:435][  0]LogDerivedDataCache: Unable to find inner node EnterprisePak for hierarchical cache Hierarchy.
[2019.01.18-06.25.06:448][  0]LogDerivedDataCache: Using Local data cache path C:/Users/owner/AppData/Local/UnrealEngine/Common/DerivedDataCache: Writable
[2019.01.18-06.25.06:448][  0]LogDerivedDataCache: Shared data cache path not found in *engine.ini, will not use an Shared cache.
[2019.01.18-06.25.06:448][  0]LogDerivedDataCache: Unable to find inner node Shared for hierarchical cache Hierarchy.
[2019.01.18-06.25.06:484][  0]LogMaterial: Verifying Global Shaders for PCD3D_SM5
[2019.01.18-06.25.06:486][  0]LogSlate: Using FreeType 2.6.0
[2019.01.18-06.25.06:530][  0]LogSlate: SlateFontServices - WITH_FREETYPE: 1, WITH_HARFBUZZ: 1
[2019.01.18-06.25.08:547][  0]LogAssetRegistry: FAssetRegistry took 0.0601 seconds to start up
[2019.01.18-06.25.09:057][  0]LogInit: Selected Device Profile: [Windows]
[2019.01.18-06.25.09:333][  0]LogSimplygon: Simplygon DLL not present - disabling.
[2019.01.18-06.25.09:337][  0]LogMeshReduction: Using SimplygonSwarm for distributed automatic mesh merging
[2019.01.18-06.25.09:337][  0]LogMeshReduction: Using ProxyLODMeshReduction for automatic mesh merging
[2019.01.18-06.25.09:337][  0]LogMeshReduction: Using QuadricMeshReduction for automatic static mesh reduction
[2019.01.18-06.25.09:337][  0]LogMeshReduction: No automatic skeletal mesh reduction module available
[2019.01.18-06.25.09:352][  0]LogNetVersion: Class_WhiteBox 1.0.0, NetCL: 4541578, EngineNetVer: 5, GameNetVer: 0 (Checksum: 3672237988)
[2019.01.18-06.25.10:006][  0]LogPackageLocalizationCache: Processed 11 localized package path(s) for 2 prioritized culture(s) in 0.111727 seconds
[2019.01.18-06.25.10:016][  0]LogUObjectArray: 39775 objects as part of root set at end of initial load.
[2019.01.18-06.25.10:016][  0]LogUObjectAllocator: 6914664 out of 0 bytes used by permanent object pool.
[2019.01.18-06.25.10:016][  0]LogUObjectArray: CloseDisregardForGC: 0/0 objects in disregard for GC pool
[2019.01.18-06.25.28:532][  0]LogTcpMessaging: Initializing TcpMessaging bridge
[2019.01.18-06.25.28:545][  0]LogUdpMessaging: Initializing bridge on interface 0.0.0.0:0 to multicast group 230.0.0.1:6666.
[2019.01.18-06.25.29:802][  0]SourceControl: Source control is disabled
[2019.01.18-06.25.29:802][  0]SourceControl: Source control is disabled
[2019.01.18-06.25.29:804][  0]SourceControl: Source control is disabled
[2019.01.18-06.25.29:806][  0]SourceControl: Source control is disabled
[2019.01.18-06.25.30:186][  0]LogAndroidPermission: UAndroidPermissionCallbackProxy::GetInstance
[2019.01.18-06.25.30:242][  0]LogOcInput: OculusInput pre-init called
[2019.01.18-06.25.30:422][  0]LogEngine: Initializing Engine...
[2019.01.18-06.25.30:423][  0]LogHMD: Failed to initialize OpenVR with code 110
[2019.01.18-06.25.30:424][  0]LogStats: UGameplayTagsManager::ConstructGameplayTagTree: ImportINI prefixes -  0.000 s
[2019.01.18-06.25.30:424][  0]LogStats: UGameplayTagsManager::ConstructGameplayTagTree: Construct from data asset -  0.000 s
[2019.01.18-06.25.30:424][  0]LogStats: UGameplayTagsManager::ConstructGameplayTagTree: ImportINI -  0.000 s
[2019.01.18-06.25.30:424][  0]LogStats: UGameplayTagsManager::ConstructGameplayTagTree: GameplayTagTreeChangedEvent.Broadcast -  0.000 s
[2019.01.18-06.25.30:709][  0]LogInit: Initializing FReadOnlyCVARCache
[2019.01.18-06.25.30:724][  0]LogAIModule: Creating AISystem for world Untitled
[2019.01.18-06.25.30:756][  0]LogInit: XAudio2 using 'Speakers (2- Logitech G933 Gaming Headset)' : 6 channels at 48 kHz using 16 bits per sample (channel mask 0x3f)
[2019.01.18-06.25.30:770][  0]LogInit: FAudioDevice initialized.
[2019.01.18-06.25.30:771][  0]LogNetVersion: Set ProjectVersion to 1.0.0.0. Version Checksum will be recalculated on next use.
[2019.01.18-06.25.31:096][  0]LogDerivedDataCache: Saved boot cache 0.32s 86MB C:/Users/owner/AppData/Local/UnrealEngine/4.21/DerivedDataCache/Boot.ddc.
[2019.01.18-06.25.31:112][  0]LogInit: Texture streaming: Enabled
[2019.01.18-06.25.31:134][  0]LogEngineSessionManager: EngineSessionManager initialized
[2019.01.18-06.25.31:154][  0]LogInit: Transaction tracking system initialized
[2019.01.18-06.25.31:177][  0]BlueprintLog: New page: Editor Load
[2019.01.18-06.25.31:389][  0]LocalizationService: Localization service is disabled
[2019.01.18-06.25.32:002][  0]LogFileCache: Scanning file cache for directory 'C:/Users/owner/OneDrive/Documents/GItHubRepository/AF_AssetPipeline/Class_WhiteBox/Content/' took 0.01s
[2019.01.18-06.25.32:002][  0]LogCook: Display: Max memory allowance for cook 16384mb min free memory 0mb
[2019.01.18-06.25.32:003][  0]LogCook: Display: Mobile HDR setting 1
[2019.01.18-06.25.32:003][  0]LogGameplayTags: Display: UGameplayTagsManager::DoneAddingNativeTags. DelegateIsBound: 0
[2019.01.18-06.25.32:003][  0]LogStats: UGameplayTagsManager::ConstructGameplayTagTree: ImportINI prefixes -  0.000 s
[2019.01.18-06.25.32:003][  0]LogStats: UGameplayTagsManager::ConstructGameplayTagTree: Construct from data asset -  0.000 s
[2019.01.18-06.25.32:003][  0]LogStats: UGameplayTagsManager::ConstructGameplayTagTree: ImportINI -  0.000 s
[2019.01.18-06.25.32:003][  0]LogStats: UGameplayTagsManager::ConstructGameplayTagTree: GameplayTagTreeChangedEvent.Broadcast -  0.000 s
[2019.01.18-06.25.33:316][  0]SourceControl: Source control is disabled
[2019.01.18-06.25.33:316][  0]Cmd: MAP LOAD FILE="../../../Engine/Content/Maps/Templates/Template_Default.umap" TEMPLATE=1 SHOWPROGRESS=1 FEATURELEVEL=3
[2019.01.18-06.25.33:316][  0]LightingResults: New page: Lighting Build
[2019.01.18-06.25.33:320][  0]MapCheck: New page: Map Check
[2019.01.18-06.25.33:320][  0]LightingResults: New page: Lighting Build
[2019.01.18-06.25.33:593][  0]LogAIModule: Creating AISystem for world Untitled_1
[2019.01.18-06.25.33:600][  0]LogEditorServer: Finished looking for orphan Actors (0.000 secs)
[2019.01.18-06.25.33:700][  0]Cmd: MAP CHECKDEP NOCLEARLOG
[2019.01.18-06.25.33:700][  0]MapCheck: Map check complete: 0 Error(s), 0 Warning(s), took 0.158ms to complete.
[2019.01.18-06.25.33:700][  0]LogFileHelpers: Loading map 'Template_Default' took 0.384
[2019.01.18-06.25.33:930][  0]LogSlate: Updating window title bar state: overlay mode, drag disabled, window buttons hidden, title bar hidden
[2019.01.18-06.25.33:937][  0]LogSlate: Updating window title bar state: overlay mode, drag disabled, window buttons hidden, title bar hidden
[2019.01.18-06.25.33:946][  0]LogSlate: Updating window title bar state: overlay mode, drag disabled, window buttons hidden, title bar hidden
[2019.01.18-06.25.33:954][  0]LogSlate: Updating window title bar state: overlay mode, drag disabled, window buttons hidden, title bar hidden
[2019.01.18-06.25.33:964][  0]LogCollectionManager: Loaded 0 collections in 0.001587 seconds
[2019.01.18-06.25.34:005][  0]LogFileCache: Scanning file cache for directory 'C:/Users/owner/OneDrive/Documents/GItHubRepository/AF_AssetPipeline/Class_WhiteBox/Saved/Collections/' took 0.01s
[2019.01.18-06.25.34:005][  0]LogFileCache: Scanning file cache for directory 'C:/Users/owner/OneDrive/Documents/GItHubRepository/AF_AssetPipeline/Class_WhiteBox/Content/Developers/owner/Collections/' took 0.01s
[2019.01.18-06.25.34:005][  0]LogFileCache: Scanning file cache for directory 'C:/Users/owner/OneDrive/Documents/GItHubRepository/AF_AssetPipeline/Class_WhiteBox/Content/Collections/' took 0.01s
[2019.01.18-06.25.34:005][  0]LogCollectionManager: Rebuilt the GUID cache for 0 collections in 0.000000 seconds
[2019.01.18-06.25.34:018][  0]LogContentBrowser: Native class hierarchy populated in 0.0127 seconds. Added 2651 classes and 620 folders.
[2019.01.18-06.25.34:024][  0]LogContentBrowser: Native class hierarchy updated for 'WidgetCarousel' in 0.0004 seconds. Added 0 classes and 0 folders.
[2019.01.18-06.25.34:040][  0]LogPakFile: Registered encryption key '00000000000000000000000000000000': 0 pak files mounted, 0 remain pending
[2019.01.18-06.25.34:040][  0]LogPakFile: Registered encryption key '00000000000000000000000000000000': 0 pak files mounted, 0 remain pending
[2019.01.18-06.25.34:041][  0]LogPakFile: Registered encryption key '00000000000000000000000000000000': 0 pak files mounted, 0 remain pending
[2019.01.18-06.25.34:041][  0]LogPakFile: Registered encryption key '00000000000000000000000000000000': 0 pak files mounted, 0 remain pending
[2019.01.18-06.25.34:042][  0]LogPakFile: Registered encryption key '00000000000000000000000000000000': 0 pak files mounted, 0 remain pending
[2019.01.18-06.25.34:042][  0]LogPakFile: Registered encryption key '00000000000000000000000000000000': 0 pak files mounted, 0 remain pending
[2019.01.18-06.25.34:043][  0]LogPakFile: Registered encryption key '00000000000000000000000000000000': 0 pak files mounted, 0 remain pending
[2019.01.18-06.25.34:043][  0]LogPakFile: Registered encryption key '00000000000000000000000000000000': 0 pak files mounted, 0 remain pending
[2019.01.18-06.25.34:044][  0]LogPakFile: Registered encryption key '00000000000000000000000000000000': 0 pak files mounted, 0 remain pending
[2019.01.18-06.25.34:044][  0]LogPakFile: Registered encryption key '00000000000000000000000000000000': 0 pak files mounted, 0 remain pending
[2019.01.18-06.25.34:045][  0]LogPakFile: Registered encryption key '00000000000000000000000000000000': 0 pak files mounted, 0 remain pending
[2019.01.18-06.25.34:045][  0]LogPakFile: Registered encryption key '00000000000000000000000000000000': 0 pak files mounted, 0 remain pending
[2019.01.18-06.25.34:046][  0]LogPakFile: Registered encryption key '00000000000000000000000000000000': 0 pak files mounted, 0 remain pending
[2019.01.18-06.25.34:046][  0]LogPakFile: Registered encryption key '00000000000000000000000000000000': 0 pak files mounted, 0 remain pending
[2019.01.18-06.25.34:047][  0]LogPakFile: Registered encryption key '00000000000000000000000000000000': 0 pak files mounted, 0 remain pending
[2019.01.18-06.25.34:047][  0]LogPakFile: Registered encryption key '00000000000000000000000000000000': 0 pak files mounted, 0 remain pending
[2019.01.18-06.25.34:048][  0]LogPakFile: Registered encryption key '00000000000000000000000000000000': 0 pak files mounted, 0 remain pending
[2019.01.18-06.25.34:048][  0]LogPakFile: Registered encryption key '00000000000000000000000000000000': 0 pak files mounted, 0 remain pending
[2019.01.18-06.25.34:049][  0]LogPakFile: Registered encryption key '00000000000000000000000000000000': 0 pak files mounted, 0 remain pending
[2019.01.18-06.25.34:049][  0]LogPakFile: Registered encryption key '00000000000000000000000000000000': 0 pak files mounted, 0 remain pending
[2019.01.18-06.25.34:050][  0]LogPakFile: Registered encryption key '00000000000000000000000000000000': 0 pak files mounted, 0 remain pending
[2019.01.18-06.25.34:050][  0]LogPakFile: Registered encryption key '00000000000000000000000000000000': 0 pak files mounted, 0 remain pending
[2019.01.18-06.25.34:051][  0]LogPakFile: Registered encryption key '00000000000000000000000000000000': 0 pak files mounted, 0 remain pending
[2019.01.18-06.25.34:051][  0]LogPakFile: Registered encryption key '00000000000000000000000000000000': 0 pak files mounted, 0 remain pending
[2019.01.18-06.25.34:052][  0]LogPakFile: Registered encryption key '00000000000000000000000000000000': 0 pak files mounted, 0 remain pending
[2019.01.18-06.25.34:052][  0]LogPakFile: Registered encryption key '00000000000000000000000000000000': 0 pak files mounted, 0 remain pending
[2019.01.18-06.25.34:975][  0]LogContentBrowser: Native class hierarchy updated for 'AddContentDialog' in 0.0005 seconds. Added 0 classes and 0 folders.
[2019.01.18-06.25.34:983][  0]LogContentBrowser: Native class hierarchy updated for 'SceneOutliner' in 0.0005 seconds. Added 1 classes and 2 folders.
[2019.01.18-06.25.35:090][  0]LogSlate: Took 0.076895 seconds to synchronously load lazily loaded font '../../../Engine/Content/Slate/Fonts/Roboto-Regular.ttf' (155K)
[2019.01.18-06.25.35:116][  0]LogSlate: Took 0.024096 seconds to synchronously load lazily loaded font '../../../Engine/Content/Slate/Fonts/Roboto-Bold.ttf' (160K)
[2019.01.18-06.25.35:159][  0]LogSlate: Took 0.036896 seconds to synchronously load lazily loaded font '../../../Engine/Content/Editor/Slate/Fonts/FontAwesome.ttf' (139K)
[2019.01.18-06.25.35:301][  0]LogRenderer: Reallocating scene render targets to support 1208x556 Format 10 NumSamples 1 (Frame:1).
[2019.01.18-06.25.35:526][  0]LogContentBrowser: Native class hierarchy updated for 'HierarchicalLODOutliner' in 0.0004 seconds. Added 0 classes and 0 folders.
[2019.01.18-06.25.35:526][  0]LogLoad: (Engine Initialization) Total time: 43.50 seconds
[2019.01.18-06.25.35:526][  0]LogLoad: (Engine Initialization) Total Blueprint compile time: 0.00 seconds
[2019.01.18-06.25.35:597][  0]LogContentStreaming: Texture pool size now 1000 MB
[2019.01.18-06.25.35:699][  2]LogAssetRegistry: Asset discovery search completed in 27.1744 seconds
[2019.01.18-06.25.35:708][  2]LogCollectionManager: Rebuilt the object cache for 0 collections in 0.000000 seconds (found 0 objects)
[2019.01.18-06.25.35:708][  2]LogCollectionManager: Fixed up redirectors for 0 collections in 0.000057 seconds (updated 0 objects)
[2019.01.18-06.25.39:637][467]LogSlate: Took 0.017167 seconds to synchronously load lazily loaded font '../../../Engine/Content/Slate/Fonts/Roboto-Light.ttf' (167K)
[2019.01.18-06.25.42:293][778]LogSlate: FSceneViewport::OnFocusLost() reason 0
[2019.01.18-06.25.42:486][801]LogSlate: Took 0.000176 seconds to synchronously load lazily loaded font '../../../Engine/Content/Slate/Fonts/Roboto-Light.ttf' (167K)
[2019.01.18-06.25.42:974][801]LogAIModule: Creating AISystem for world AF_WhiteBox
[2019.01.18-06.25.43:007][801]LogAssetEditorManager: Opening Asset editor for World /Game/AF_WhiteBox.AF_WhiteBox
[2019.01.18-06.25.43:107][801]Cmd: MAP LOAD FILE="../../../../../../Users/owner/OneDrive/Documents/GItHubRepository/AF_AssetPipeline/Class_WhiteBox/Content/AF_WhiteBox.umap" TEMPLATE=0 SHOWPROGRESS=1 FEATURELEVEL=3
[2019.01.18-06.25.43:107][801]LightingResults: New page: Lighting Build
[2019.01.18-06.25.43:108][801]LoadErrors: New page: Loading map: AF_WhiteBox.umap
[2019.01.18-06.25.43:108][801]MapCheck: New page: Map Check
[2019.01.18-06.25.43:108][801]LightingResults: New page: Lighting Build
[2019.01.18-06.25.43:217][801]LogEditorServer: Finished looking for orphan Actors (0.000 secs)
[2019.01.18-06.25.43:326][801]Cmd: MAP CHECKDEP NOCLEARLOG
[2019.01.18-06.25.43:326][801]MapCheck: Map check complete: 0 Error(s), 0 Warning(s), took 0.157ms to complete.
[2019.01.18-06.25.43:326][801]LogFileHelpers: Loading map 'AF_WhiteBox' took 0.220
[2019.01.18-06.25.45:206][949]LogAssetEditorManager: Opening Asset editor for MapBuildDataRegistry /Game/AF_WhiteBox_BuiltData.AF_WhiteBox_BuiltData
[2019.01.18-06.25.46:974][116]LogSlate: Window 'AF_WhiteBox_BuiltData - Generic Asset Editor' being destroyed
[2019.01.18-06.25.46:977][116]LogSlate: Window 'AF_WhiteBox_BuiltData - Generic Asset Editor' being destroyed
[2019.01.18-06.25.48:503][238]LogAssetEditorManager: Opening Asset editor for MaterialInstanceConstant /Game/IM_SideWalkMaterial_AF.IM_SideWalkMaterial_AF
[2019.01.18-06.25.51:309][461]LogSlate: Window 'IM_SideWalkMaterial_AF' being destroyed
[2019.01.18-06.25.51:311][461]LogSlate: Window 'IM_SideWalkMaterial_AF' being destroyed
[2019.01.18-06.25.56:327][718]LogSlate: Window 'Save Level As' being destroyed
[2019.01.18-06.29.30:521][264]LogSlate: Window 'Save Level As' being destroyed
[2019.01.18-06.29.36:472][393]LogSlate: Window 'Save Content' being destroyed
[2019.01.18-06.29.36:535][393]LogSavePackage: Moving '../../../../../../Users/owner/OneDrive/Documents/GItHubRepository/AF_AssetPipeline/Class_WhiteBox/Saved/IM_GrassMaterial_AF3C618CE843A893DF1E186DBB39D27D74.tmp' to '../../../../../../Users/owner/OneDrive/Documents/GItHubRepository/AF_AssetPipeline/Class_WhiteBox/Content/IM_GrassMaterial_AF.uasset'
[2019.01.18-06.29.57:227][166]Cmd: CAMERA ALIGN ACTIVEVIEWPORTONLY
[2019.01.18-06.29.58:355][300]LogEditorViewport: Clicking on Actor (LMB): BP_Sky_Sphere_C (Sky Sphere)
[2019.01.18-06.30.05:254][ 51]LogSlate: FSceneViewport::OnFocusLost() reason 0
[2019.01.18-06.30.07:714][292]LogAssetEditorManager: Opening Asset editor for MaterialInstanceConstant /Game/IM_GrassMaterial_AF.IM_GrassMaterial_AF
[2019.01.18-06.30.25:812][955]LogSlate: Window 'Color Picker' being destroyed
[2019.01.18-06.30.27:741][154]LogSlate: Window 'IM_GrassMaterial_AF*' being destroyed
[2019.01.18-06.30.27:744][154]LogSlate: Window 'IM_GrassMaterial_AF*' being destroyed
[2019.01.18-06.30.27:867][154]LogMaterial: Display: Missing cached shader map for material FDebugViewModeMaterialProxy IM_GrassMaterial_AF, compiling. 
[2019.01.18-06.30.28:195][154]LogShaderCompilers: Display: Shaders left to compile 1
[2019.01.18-06.30.28:197][154]TextureStreamingBuild: Display: Compiling optional shaders took 0.337 seconds.
[2019.01.18-06.30.42:799][493]Cmd: BRUSH ADD SELECTNEWBRUSH
[2019.01.18-06.30.44:561][686]Cmd: EDCALLBACK SURFPROPS
[2019.01.18-06.30.46:097][860]Cmd: EDCALLBACK SURFPROPS
[2019.01.18-06.30.47:720][ 46]Cmd: CAMERA ALIGN ACTIVEVIEWPORTONLY
[2019.01.18-06.30.52:078][535]LogSlate: FSceneViewport::OnFocusLost() reason 0
[2019.01.18-06.31.32:239][563]LogSlate: FSceneViewport::OnFocusLost() reason 2
[2019.01.18-06.31.38:128][790]LogSlate: Window 'Save Content' being destroyed
[2019.01.18-06.31.38:718][790]LogSavePackage: Moving '../../../../../../Users/owner/OneDrive/Documents/GItHubRepository/AF_AssetPipeline/Class_WhiteBox/Saved/AF_WhiteBoxD4B1665143353F3C50017BB0AC1C829C.tmp' to '../../../../../../Users/owner/OneDrive/Documents/GItHubRepository/AF_AssetPipeline/Class_WhiteBox/Content/AF_WhiteBox.umap'
[2019.01.18-06.31.38:751][790]LogFileHelpers: Saving map 'AF_WhiteBox' took 0.599
[2019.01.18-06.31.38:796][790]LogSavePackage: Moving '../../../../../../Users/owner/OneDrive/Documents/GItHubRepository/AF_AssetPipeline/Class_WhiteBox/Saved/IM_GrassMaterial_AF51131C13425C2630917E0CB1503B87E5.tmp' to '../../../../../../Users/owner/OneDrive/Documents/GItHubRepository/AF_AssetPipeline/Class_WhiteBox/Content/IM_GrassMaterial_AF.uasset'
[2019.01.18-06.31.54:420][404]LogEditorViewport: Clicking on Actor (LMB): BP_Sky_Sphere_C (Sky Sphere)
[2019.01.18-06.31.54:441][404]LogEditorViewport: Clicking on Component (LMB): StaticMeshComponent (Sky Sphere mesh)
[2019.01.18-06.31.59:569][  2]Cmd: CAMERA ALIGN ACTIVEVIEWPORTONLY
[2019.01.18-06.32.11:039][498]LogSlate: FSceneViewport::OnFocusLost() reason 0
[2019.01.18-06.32.16:307][ 79]Cmd: CAMERA ALIGN ACTIVEVIEWPORTONLY
[2019.01.18-06.32.29:733][674]LogEditorViewport: Clicking on Actor (LMB): BP_Sky_Sphere_C (Sky Sphere)
[2019.01.18-06.32.31:285][820]LogSlate: FSceneViewport::OnFocusLost() reason 0
[2019.01.18-06.33.11:393][376]LogSlate: FSceneViewport::OnFocusLost() reason 0
[2019.01.18-06.33.33:563][347]Cmd: BRUSH ADD SELECTNEWBRUSH
[2019.01.18-06.33.35:033][514]Cmd: CAMERA ALIGN ACTIVEVIEWPORTONLY
[2019.01.18-06.33.45:784][764]LogSlate: FSceneViewport::OnFocusLost() reason 0
[2019.01.18-06.34.04:829][938]LogSlate: FSceneViewport::OnFocusLost() reason 0
[2019.01.18-06.34.31:712][ 13]Cmd: CAMERA ALIGN ACTIVEVIEWPORTONLY
[2019.01.18-06.34.45:077][598]Cmd: CAMERA ALIGN ACTIVEVIEWPORTONLY
[2019.01.18-06.34.51:001][303]LogEditorViewport: Clicking on Actor (LMB): BP_Sky_Sphere_C (Sky Sphere)
[2019.01.18-06.34.51:808][393]LogEditorViewport: Clicking on Actor (LMB): BP_Sky_Sphere_C (Sky Sphere)
[2019.01.18-06.34.52:359][456]LogEditorViewport: Clicking on Actor (LMB): BP_Sky_Sphere_C (Sky Sphere)
[2019.01.18-06.34.56:688][959]Cmd: CAMERA ALIGN ACTIVEVIEWPORTONLY
[2019.01.18-06.34.58:491][167]LogEditorViewport: Clicking on Actor (LMB): BP_Sky_Sphere_C (Sky Sphere)
[2019.01.18-06.35.34:936][424]Cmd: TRANSACTION UNDO
[2019.01.18-06.35.34:936][424]LogEditorTransaction: Undo Select Brush Surface
[2019.01.18-06.36.04:556][801]LogEditorViewport: Clicking on Actor (LMB): BP_Sky_Sphere_C (Sky Sphere)
[2019.01.18-06.36.06:978][ 77]Cmd: CAMERA ALIGN ACTIVEVIEWPORTONLY
[2019.01.18-06.36.08:906][305]LogEditorViewport: Clicking on Actor (LMB): BP_Sky_Sphere_C (Sky Sphere)
[2019.01.18-06.36.17:944][314]LogEditorViewport: Clicking on Actor (LMB): BP_Sky_Sphere_C (Sky Sphere)
[2019.01.18-06.36.21:899][752]Cmd: TRANSACTION UNDO
[2019.01.18-06.36.21:899][752]LogEditorTransaction: Undo Move Actors
[2019.01.18-06.36.27:151][259]LogEditorViewport: Clicking on Actor (LMB): BP_Sky_Sphere_C (Sky Sphere)
[2019.01.18-06.36.33:273][959]Cmd: CAMERA ALIGN ACTIVEVIEWPORTONLY
[2019.01.18-06.36.38:815][565]LogEditorViewport: Clicking on Actor (LMB): BP_Sky_Sphere_C (Sky Sphere)
[2019.01.18-06.36.44:568][163]LogEditorViewport: Clicking on Actor (LMB): BP_Sky_Sphere_C (Sky Sphere)
[2019.01.18-06.36.50:871][881]LogSlate: FSceneViewport::OnFocusLost() reason 0
[2019.01.18-06.36.58:856][772]Cmd: BRUSH ADD SELECTNEWBRUSH
[2019.01.18-06.37.00:087][909]Cmd: CAMERA ALIGN ACTIVEVIEWPORTONLY
[2019.01.18-06.37.12:732][345]LogSlate: FSceneViewport::OnFocusLost() reason 0
[2019.01.18-06.37.16:002][717]LogEditorViewport: Clicking on Actor (LMB): BP_Sky_Sphere_C (Sky Sphere)
[2019.01.18-06.37.22:869][476]Cmd: CAMERA ALIGN ACTIVEVIEWPORTONLY
[2019.01.18-06.37.26:706][919]LogSlate: FSceneViewport::OnFocusLost() reason 0
[2019.01.18-06.37.33:031][632]LogEditorViewport: Clicking on Actor (LMB): BP_Sky_Sphere_C (Sky Sphere)
[2019.01.18-06.37.46:787][139]Cmd: CAMERA ALIGN ACTIVEVIEWPORTONLY
[2019.01.18-06.38.00:166][802]LogSlate: FSceneViewport::OnFocusLost() reason 2
[2019.01.18-06.38.09:177][260]LogEditorViewport: Clicking on Actor (LMB): BP_Sky_Sphere_C (Sky Sphere)
[2019.01.18-06.38.10:587][415]Cmd: CAMERA ALIGN ACTIVEVIEWPORTONLY
[2019.01.18-06.38.12:448][633]LogEditorViewport: Clicking on Actor (LMB): BP_Sky_Sphere_C (Sky Sphere)
[2019.01.18-06.38.15:026][934]LogEditorViewport: Clicking on Actor (LMB): BP_Sky_Sphere_C (Sky Sphere)
[2019.01.18-06.38.22:039][727]LogSlate: FSceneViewport::OnFocusLost() reason 0
[2019.01.18-06.38.32:876][922]LogEditorViewport: Clicking on Actor (LMB): BP_Sky_Sphere_C (Sky Sphere)
[2019.01.18-06.38.38:951][619]LogSlate: FSceneViewport::OnFocusLost() reason 0
[2019.01.18-06.38.42:784][  5]Cmd: BRUSH ADD SELECTNEWBRUSH
[2019.01.18-06.38.48:890][701]LogSlate: FSceneViewport::OnFocusLost() reason 0
[2019.01.18-06.39.14:216][228]LogSlate: FSceneViewport::OnFocusLost() reason 2
[2019.01.18-06.39.34:769][581]LogSlate: FSceneViewport::OnFocusLost() reason 0
[2019.01.18-06.39.44:142][618]LogSlate: FSceneViewport::OnFocusLost() reason 0
[2019.01.18-06.39.47:751][992]LogEditorViewport: Clicking on Actor (LMB): BP_Sky_Sphere_C (Sky Sphere)
[2019.01.18-06.39.51:059][371]LogEditorViewport: Clicking on Actor (LMB): BP_Sky_Sphere_C (Sky Sphere)
[2019.01.18-06.40.16:005][262]LogSlate: FSceneViewport::OnFocusLost() reason 0
[2019.01.18-06.40.28:441][662]LogEditorViewport: Clicking on Actor (LMB): Brush (Box Brush226)
[2019.01.18-06.40.28:668][683]Cmd: CAMERA ALIGN ACTIVEVIEWPORTONLY
[2019.01.18-06.40.34:151][334]Cmd: CAMERA ALIGN ACTIVEVIEWPORTONLY
[2019.01.18-06.40.40:479][ 51]LogSlate: FSceneViewport::OnFocusLost() reason 0
[2019.01.18-06.40.47:272][815]LogEditorViewport: Clicking on Actor (LMB): BP_Sky_Sphere_C (Sky Sphere)
[2019.01.18-06.40.51:035][227]Cmd: TRANSACTION UNDO
[2019.01.18-06.40.51:035][227]LogEditorTransaction: Undo Move Actors
[2019.01.18-06.40.57:186][858]Cmd: CAMERA ALIGN ACTIVEVIEWPORTONLY
[2019.01.18-06.40.57:954][943]LogEditorViewport: Clicking on Actor (LMB): BP_Sky_Sphere_C (Sky Sphere)
[2019.01.18-06.41.02:036][423]LogEditorViewport: Clicking on Actor (LMB): BP_Sky_Sphere_C (Sky Sphere)
[2019.01.18-06.41.03:909][601]LogSlate: FSceneViewport::OnFocusLost() reason 0
[2019.01.18-06.41.06:458][614]LogSlate: Window 'Save Content' being destroyed
[2019.01.18-06.41.07:588][614]LogSavePackage: Moving '../../../../../../Users/owner/OneDrive/Documents/GItHubRepository/AF_AssetPipeline/Class_WhiteBox/Saved/AF_WhiteBox71D028F844EC2C04E30B1999B802E3FD.tmp' to '../../../../../../Users/owner/OneDrive/Documents/GItHubRepository/AF_AssetPipeline/Class_WhiteBox/Content/AF_WhiteBox.umap'
[2019.01.18-06.41.07:753][614]LogFileHelpers: Saving map 'AF_WhiteBox' took 1.266
[2019.01.18-06.41.20:509][697]LogEditorViewport: Clicking on Actor (LMB): BP_Sky_Sphere_C (Sky Sphere)
